<?xml version="1.0" encoding="UTF-8"?>
<testng-results skipped="0" failed="0" total="1" passed="1">
  <reporter-output>
  </reporter-output>
  <suite name="Default suite" duration-ms="24756" started-at="2021-10-29T02:44:47Z" finished-at="2021-10-29T02:45:12Z">
    <groups>
    </groups>
    <test name="Default test" duration-ms="24756" started-at="2021-10-29T02:44:47Z" finished-at="2021-10-29T02:45:12Z">
      <class name="com.aspire.day4.POLogin">
        <test-method status="PASS" signature="openChrome()[pri:0, instance:com.aspire.day4.POLogin@59fa1d9b]" name="openChrome" is-config="true" duration-ms="5880" started-at="2021-10-29T10:44:47Z" finished-at="2021-10-29T10:44:53Z">
          <reporter-output>
          </reporter-output>
        </test-method> <!-- openChrome -->
        <test-method status="PASS" signature="enterRightNumber()[pri:0, instance:com.aspire.day4.POLogin@59fa1d9b]" name="enterRightNumber" duration-ms="18017" started-at="2021-10-29T10:44:53Z" finished-at="2021-10-29T10:45:11Z">
          <reporter-output>
          </reporter-output>
        </test-method> <!-- enterRightNumber -->
        <test-method status="PASS" signature="ClosedBrower()[pri:0, instance:com.aspire.day4.POLogin@59fa1d9b]" name="ClosedBrower" is-config="true" duration-ms="802" started-at="2021-10-29T10:45:11Z" finished-at="2021-10-29T10:45:12Z">
          <reporter-output>
          </reporter-output>
        </test-method> <!-- ClosedBrower -->
      </class> <!-- com.aspire.day4.POLogin -->
    </test> <!-- Default test -->
  </suite> <!-- Default suite -->
</testng-results>
